2025-04-10 12:44:55.520 [info] [main] Log level: Info
2025-04-10 12:44:55.520 [info] [main] Validating found git in: "git"
2025-04-10 12:44:55.520 [info] [main] Using git "2.34.1" from "git"
2025-04-10 12:44:55.520 [info] [Model][doInitialScan] Initial repository scan started
2025-04-10 12:44:55.520 [info] > git rev-parse --show-toplevel [6ms]
2025-04-10 12:44:55.520 [info] > git rev-parse --git-dir --git-common-dir [2ms]
2025-04-10 12:44:55.520 [info] [Model][openRepository] Opened repository: /root/G5API
2025-04-10 12:44:55.520 [info] > git config --get commit.template [3ms]
2025-04-10 12:44:55.520 [info] > git rev-parse --show-toplevel [4ms]
2025-04-10 12:44:55.520 [info] > git rev-parse --show-toplevel [2ms]
2025-04-10 12:44:55.520 [info] > git for-each-ref --format=%(refname)%00%(upstream:short)%00%(objectname)%00%(upstream:track)%00%(upstream:remotename)%00%(upstream:remoteref) refs/heads/master refs/remotes/master [8ms]
2025-04-10 12:44:55.520 [warning] [Git][revParse] Unable to read file: ENOENT: no such file or directory, open '/root/G5API/.git/refs/remotes/origin/master'
2025-04-10 12:44:55.520 [info] > git rev-parse --show-toplevel [4ms]
2025-04-10 12:44:55.520 [info] > git rev-parse refs/remotes/origin/master [3ms]
2025-04-10 12:44:55.520 [info] > git rev-parse --show-toplevel [7ms]
2025-04-10 12:44:55.520 [info] > git for-each-ref --sort -committerdate --format %(refname) %(objectname) %(*objectname) [5ms]
2025-04-10 12:44:55.520 [info] > git rev-parse --show-toplevel [4ms]
2025-04-10 12:44:55.520 [info] > git rev-parse --show-toplevel [2ms]
2025-04-10 12:44:55.520 [info] > git rev-parse --show-toplevel [2ms]
2025-04-10 12:44:55.520 [info] > git rev-parse --show-toplevel [2ms]
2025-04-10 12:44:55.520 [info] [Model][doInitialScan] Initial repository scan completed - repositories (1), closed repositories (0), parent repositories (0), unsafe repositories (0)
2025-04-10 12:44:55.520 [info] > git status -z -uall [45ms]
2025-04-10 12:44:55.520 [info] > git for-each-ref --format=%(refname)%00%(upstream:short)%00%(objectname)%00%(upstream:track)%00%(upstream:remotename)%00%(upstream:remoteref) refs/heads/master refs/remotes/master [7ms]
2025-04-10 12:44:55.520 [info] > git config --get commit.template [5ms]
2025-04-10 12:44:55.520 [info] > git config --get --local branch.master.vscode-merge-base [4ms]
2025-04-10 12:44:55.520 [warning] [Git][config] git config failed: Failed to execute git
2025-04-10 12:44:55.520 [info] > git for-each-ref --format=%(refname)%00%(upstream:short)%00%(objectname)%00%(upstream:track)%00%(upstream:remotename)%00%(upstream:remoteref) refs/heads/master refs/remotes/master [4ms]
2025-04-10 12:44:55.520 [warning] [Git][revParse] Unable to read file: ENOENT: no such file or directory, open '/root/G5API/.git/refs/remotes/origin/master'
2025-04-10 12:44:55.520 [info] > git reflog master --grep-reflog=branch: Created from *. [4ms]
2025-04-10 12:44:55.520 [info] > git rev-parse refs/remotes/origin/master [3ms]
2025-04-10 12:44:55.528 [info] > git symbolic-ref --short refs/remotes/origin/HEAD [9ms]
2025-04-10 12:44:55.533 [info] > git for-each-ref --sort -committerdate --format %(refname) %(objectname) %(*objectname) [5ms]
2025-04-10 12:44:55.537 [info] > git for-each-ref --format=%(refname)%00%(upstream:short)%00%(objectname)%00%(upstream:track)%00%(upstream:remotename)%00%(upstream:remoteref) refs/heads/origin/master refs/remotes/origin/master [4ms]
2025-04-10 12:44:55.540 [info] > git status -z -uall [18ms]
2025-04-10 12:44:55.549 [info] > git config --add --local branch.master.vscode-merge-base origin/master [9ms]
2025-04-10 12:44:55.552 [info] > git for-each-ref --format=%(refname)%00%(upstream:short)%00%(objectname)%00%(upstream:track)%00%(upstream:remotename)%00%(upstream:remoteref) refs/heads/master refs/remotes/master [5ms]
2025-04-10 12:44:55.560 [info] > git config --get commit.template [7ms]
2025-04-10 12:44:55.605 [info] > git for-each-ref --format=%(refname)%00%(upstream:short)%00%(objectname)%00%(upstream:track)%00%(upstream:remotename)%00%(upstream:remoteref) refs/heads/master refs/remotes/master [43ms]
2025-04-10 12:44:55.608 [info] > git config --get --local branch.master.vscode-merge-base [53ms]
2025-04-10 12:44:55.629 [warning] [Git][revParse] Unable to read file: ENOENT: no such file or directory, open '/root/G5API/.git/refs/remotes/origin/master'
2025-04-10 12:44:55.650 [info] > git for-each-ref --format=%(refname)%00%(upstream:short)%00%(objectname)%00%(upstream:track)%00%(upstream:remotename)%00%(upstream:remoteref) refs/heads/origin/master refs/remotes/origin/master [27ms]
2025-04-10 12:44:55.666 [info] > git rev-parse refs/remotes/origin/master [35ms]
2025-04-10 12:44:55.673 [info] > git merge-base refs/heads/master refs/remotes/origin/master [11ms]
2025-04-10 12:44:55.677 [info] > git for-each-ref --sort -committerdate --format %(refname) %(objectname) %(*objectname) [5ms]
2025-04-10 12:44:55.681 [info] > git diff --name-status -z --diff-filter=ADMR 5c8c5c0da9e7c133f94a9bddd1ab2567a8f14156...refs/remotes/origin/master [4ms]
2025-04-10 12:44:55.682 [info] > git status -z -uall [14ms]
2025-04-10 12:44:56.070 [info] > git check-ignore -v -z --stdin [3ms]
2025-04-10 12:44:56.732 [info] > git config --get commit.template [3ms]
2025-04-10 12:44:56.734 [info] > git for-each-ref --format=%(refname)%00%(upstream:short)%00%(objectname)%00%(upstream:track)%00%(upstream:remotename)%00%(upstream:remoteref) refs/heads/master refs/remotes/master [2ms]
2025-04-10 12:44:56.736 [warning] [Git][revParse] Unable to read file: ENOENT: no such file or directory, open '/root/G5API/.git/refs/remotes/origin/master'
2025-04-10 12:44:56.737 [info] > git rev-parse refs/remotes/origin/master [1ms]
2025-04-10 12:44:56.747 [info] > git for-each-ref --sort -committerdate --format %(refname) %(objectname) %(*objectname) [2ms]
2025-04-10 12:44:56.750 [info] > git status -z -uall [11ms]
2025-04-10 12:45:00.555 [info] > git check-ignore -v -z --stdin [2ms]
2025-04-10 12:45:02.024 [info] > git check-ignore -v -z --stdin [42ms]
2025-04-10 12:45:03.305 [info] > git check-ignore -v -z --stdin [3ms]
2025-04-10 12:45:04.492 [info] > git check-ignore -v -z --stdin [3ms]
2025-04-10 12:45:06.371 [info] > git check-ignore -v -z --stdin [2ms]
2025-04-10 12:45:08.172 [info] > git check-ignore -v -z --stdin [2ms]
2025-04-10 12:45:09.406 [info] > git check-ignore -v -z --stdin [3ms]
2025-04-10 12:45:11.118 [info] > git check-ignore -v -z --stdin [3ms]
2025-04-10 12:45:13.913 [info] > git check-ignore -v -z --stdin [3ms]
2025-04-10 12:45:16.754 [info] > git check-ignore -v -z --stdin [5ms]
2025-04-10 12:45:18.112 [info] > git check-ignore -v -z --stdin [2ms]
2025-04-10 12:45:19.264 [info] > git check-ignore -v -z --stdin [3ms]
2025-04-10 12:45:20.331 [info] > git check-ignore -v -z --stdin [2ms]
2025-04-10 12:45:29.291 [info] > git check-ignore -v -z --stdin [2ms]
